<?xml version="1.0" encoding="UTF-8"?>
<testng-results skipped="0" failed="1" total="2" passed="1">
  <reporter-output>
  </reporter-output>
  <suite name="Default suite" duration-ms="20" started-at="2013-12-02T07:50:53Z" finished-at="2013-12-02T07:50:53Z">
    <groups>
    </groups>
    <test name="Default test" duration-ms="20" started-at="2013-12-02T07:50:53Z" finished-at="2013-12-02T07:50:53Z">
      <class name="edu.esprit.teemJee.FibonacciTest">
        <test-method status="PASS" signature="setUp()[pri:0, instance:edu.esprit.teemJee.FibonacciTest@1749757]" name="setUp" is-config="true" duration-ms="4" started-at="2013-12-02T08:50:53Z" finished-at="2013-12-02T08:50:53Z">
          <reporter-output>
          </reporter-output>
        </test-method> <!-- setUp -->
        <test-method status="PASS" signature="shouldReturnOneWhenOneIn()[pri:0, instance:edu.esprit.teemJee.FibonacciTest@1749757]" name="shouldReturnOneWhenOneIn" duration-ms="5" started-at="2013-12-02T08:50:53Z" finished-at="2013-12-02T08:50:53Z">
          <reporter-output>
          </reporter-output>
        </test-method> <!-- shouldReturnOneWhenOneIn -->
        <test-method status="PASS" signature="setUp()[pri:0, instance:edu.esprit.teemJee.FibonacciTest@1749757]" name="setUp" is-config="true" duration-ms="1" started-at="2013-12-02T08:50:53Z" finished-at="2013-12-02T08:50:53Z">
          <reporter-output>
          </reporter-output>
        </test-method> <!-- setUp -->
        <test-method status="FAIL" signature="shouldReturnOneWhenTwoIn()[pri:0, instance:edu.esprit.teemJee.FibonacciTest@1749757]" name="shouldReturnOneWhenTwoIn" duration-ms="1" started-at="2013-12-02T08:50:53Z" finished-at="2013-12-02T08:50:53Z">
          <exception class="java.lang.AssertionError">
            <message>
              <![CDATA[expected [8] but found [1]]]>
            </message>
            <full-stacktrace>
              <![CDATA[java.lang.AssertionError: expected [8] but found [1]
	at org.testng.Assert.fail(Assert.java:94)
	at org.testng.Assert.failNotEquals(Assert.java:494)
	at org.testng.Assert.assertEquals(Assert.java:123)
	at org.testng.Assert.assertEquals(Assert.java:265)
	at org.testng.Assert.assertEquals(Assert.java:275)
	at edu.esprit.teemJee.FibonacciTest.shouldReturnOneWhenTwoIn(FibonacciTest.java:22)
	at sun.reflect.NativeMethodAccessorImpl.invoke0(Native Method)
	at sun.reflect.NativeMethodAccessorImpl.invoke(NativeMethodAccessorImpl.java:39)
	at sun.reflect.DelegatingMethodAccessorImpl.invoke(DelegatingMethodAccessorImpl.java:25)
	at java.lang.reflect.Method.invoke(Method.java:597)
	at org.testng.internal.MethodInvocationHelper.invokeMethod(MethodInvocationHelper.java:84)
	at org.testng.internal.Invoker.invokeMethod(Invoker.java:714)
	at org.testng.internal.Invoker.invokeTestMethod(Invoker.java:901)
	at org.testng.internal.Invoker.invokeTestMethods(Invoker.java:1231)
	at org.testng.internal.TestMethodWorker.invokeTestMethods(TestMethodWorker.java:127)
	at org.testng.internal.TestMethodWorker.run(TestMethodWorker.java:111)
	at org.testng.TestRunner.privateRun(TestRunner.java:767)
	at org.testng.TestRunner.run(TestRunner.java:617)
	at org.testng.SuiteRunner.runTest(SuiteRunner.java:334)
	at org.testng.SuiteRunner.runSequentially(SuiteRunner.java:329)
	at org.testng.SuiteRunner.privateRun(SuiteRunner.java:291)
	at org.testng.SuiteRunner.run(SuiteRunner.java:240)
	at org.testng.SuiteRunnerWorker.runSuite(SuiteRunnerWorker.java:52)
	at org.testng.SuiteRunnerWorker.run(SuiteRunnerWorker.java:86)
	at org.testng.TestNG.runSuitesSequentially(TestNG.java:1224)
	at org.testng.TestNG.runSuitesLocally(TestNG.java:1149)
	at org.testng.TestNG.run(TestNG.java:1057)
	at org.testng.remote.RemoteTestNG.run(RemoteTestNG.java:111)
	at org.testng.remote.RemoteTestNG.initAndRun(RemoteTestNG.java:204)
	at org.testng.remote.RemoteTestNG.main(RemoteTestNG.java:175)
]]>
            </full-stacktrace>
          </exception> <!-- java.lang.AssertionError -->
          <reporter-output>
          </reporter-output>
        </test-method> <!-- shouldReturnOneWhenTwoIn -->
      </class> <!-- edu.esprit.teemJee.FibonacciTest -->
    </test> <!-- Default test -->
  </suite> <!-- Default suite -->
</testng-results>
