<?xml version="1.0" encoding="UTF-8"?>
<testng-results skipped="0" failed="0" total="1" passed="1">
  <reporter-output>
  </reporter-output>
  <suite name="Default suite" duration-ms="18" started-at="2013-11-30T09:32:48Z" finished-at="2013-11-30T09:32:48Z">
    <groups>
    </groups>
    <test name="Default test" duration-ms="18" started-at="2013-11-30T09:32:48Z" finished-at="2013-11-30T09:32:48Z">
      <class name="edu.esprit.teemJee.FibonacciTest">
        <test-method status="PASS" signature="setUp()[pri:0, instance:edu.esprit.teemJee.FibonacciTest@1749757]" name="setUp" is-config="true" duration-ms="4" started-at="2013-11-30T10:32:48Z" finished-at="2013-11-30T10:32:48Z">
          <reporter-output>
          </reporter-output>
        </test-method> <!-- setUp -->
        <test-method status="PASS" signature="shouldReturnOneWhenOneIn()[pri:0, instance:edu.esprit.teemJee.FibonacciTest@1749757]" name="shouldReturnOneWhenOneIn" duration-ms="4" started-at="2013-11-30T10:32:48Z" finished-at="2013-11-30T10:32:48Z">
          <reporter-output>
          </reporter-output>
        </test-method> <!-- shouldReturnOneWhenOneIn -->
      </class> <!-- edu.esprit.teemJee.FibonacciTest -->
    </test> <!-- Default test -->
  </suite> <!-- Default suite -->
</testng-results>
